[12:32:03] [Server thread/INFO]: Starting minecraft server version 1.12.2
[12:32:03] [Server thread/WARN]: To start the server with more ram, launch it as "java -Xmx1024M -Xms1024M -jar minecraft_server.jar"
[12:32:03] [Server thread/INFO]: Loading properties
[12:32:03] [Server thread/INFO]: Default game type: SURVIVAL
[12:32:03] [Server thread/INFO]: This server is running Paper version git-Paper-1620 (MC: 1.12.2) (Implementing API version 1.12.2-R0.1-SNAPSHOT)
[12:32:03] [Server thread/INFO]: Debug logging is disabled
[12:32:03] [Server thread/INFO]: Server Ping Player Sample Count: 12
[12:32:03] [Server thread/INFO]: Using 4 threads for Netty based IO
[12:32:03] [Server thread/INFO]: Generating keypair
[12:32:03] [Server thread/INFO]: Starting Minecraft server on 0.0.0.0:25565
[12:32:03] [Server thread/INFO]: Using epoll channel type
[12:32:03] [Server thread/INFO]: Set PluginClassLoader as parallel capable
[12:32:03] [Server thread/INFO]: [ViaVersion] Loading ViaVersion v4.9.3
[12:32:03] [Server thread/INFO]: [ViaVersion] ViaVersion 4.9.3 is now loaded. Registering protocol transformers and injecting...
[12:32:04] [Via-Mappingloader-0/INFO]: [ViaVersion] Loading block connection mappings ...
[12:32:04] [Via-Mappingloader-0/INFO]: [ViaVersion] Using FastUtil Long2ObjectOpenHashMap for block connections
[12:32:04] [Server thread/INFO]: [ViaBackwards] Loading translations...
[12:32:04] [Server thread/INFO]: [ViaBackwards] Registering protocols...
[12:32:05] [Server thread/INFO]: [ViaBackwards] Loading ViaBackwards v4.9.2
[12:32:05] [Server thread/INFO]: [ViaRewind] Loading ViaRewind v3.0.5
[12:32:05] [Server thread/INFO]: Server permissions file permissions.yml is empty, ignoring it
[12:32:05] [Server thread/INFO]: [ViaRewind] Enabling ViaRewind v3.0.5
[12:32:05] [Server thread/INFO]: **** Beginning UUID conversion, this may take A LONG time ****
[12:32:05] [Server thread/INFO]: Preparing level "world"
[12:32:05] [Server thread/INFO]: -------- World Settings For [world] --------
[12:32:05] [Server thread/INFO]: Mob Spawn Range: 4
[12:32:05] [Server thread/INFO]: Cactus Growth Modifier: 100%
[12:32:05] [Server thread/INFO]: Cane Growth Modifier: 100%
[12:32:05] [Server thread/INFO]: Melon Growth Modifier: 100%
[12:32:05] [Server thread/INFO]: Mushroom Growth Modifier: 100%
[12:32:05] [Server thread/INFO]: Pumpkin Growth Modifier: 100%
[12:32:05] [Server thread/INFO]: Sapling Growth Modifier: 100%
[12:32:05] [Server thread/INFO]: Wheat Growth Modifier: 100%
[12:32:05] [Server thread/INFO]: NetherWart Growth Modifier: 100%
[12:32:05] [Server thread/INFO]: Vine Growth Modifier: 100%
[12:32:05] [Server thread/INFO]: Cocoa Growth Modifier: 100%
[12:32:05] [Server thread/INFO]: Entity Activation Range: An 32 / Mo 32 / Mi 16 / Tiv true
[12:32:05] [Server thread/INFO]: Entity Tracking Range: Pl 48 / An 48 / Mo 48 / Mi 32 / Other 64
[12:32:05] [Server thread/INFO]: Hopper Transfer: 8 Hopper Check: 1 Hopper Amount: 1
[12:32:05] [Server thread/INFO]: Random Lighting Updates: false
[12:32:05] [Server thread/INFO]: Structure Info Saving: true
[12:32:05] [Server thread/INFO]: Custom Map Seeds:  Village: 10387312 Feature: 14357617 Monument: 10387313 Slime: 987234911
[12:32:05] [Server thread/INFO]: Max TNT Explosions: 100
[12:32:05] [Server thread/INFO]: Tile Max Tick Time: 50ms Entity max Tick Time: 50ms
[12:32:05] [Server thread/INFO]: Item Despawn Rate: 6000
[12:32:05] [Server thread/INFO]: Item Merge Radius: 2.5
[12:32:05] [Server thread/INFO]: View Distance: 10
[12:32:05] [Server thread/INFO]: Arrow Despawn Rate: 1200
[12:32:05] [Server thread/INFO]: Allow Zombie Pigmen to spawn from portal blocks: true
[12:32:05] [Server thread/INFO]: Experience Merge Radius: 3.0
[12:32:05] [Server thread/INFO]: Zombie Aggressive Towards Villager: true
[12:32:05] [Server thread/INFO]: Nerfing mobs spawned from spawners: false
[12:32:06] [Server thread/INFO]: -------- World Settings For [world_nether] --------
[12:32:06] [Server thread/INFO]: Mob Spawn Range: 4
[12:32:06] [Server thread/INFO]: Cactus Growth Modifier: 100%
[12:32:06] [Server thread/INFO]: Cane Growth Modifier: 100%
[12:32:06] [Server thread/INFO]: Melon Growth Modifier: 100%
[12:32:06] [Server thread/INFO]: Mushroom Growth Modifier: 100%
[12:32:06] [Server thread/INFO]: Pumpkin Growth Modifier: 100%
[12:32:06] [Server thread/INFO]: Sapling Growth Modifier: 100%
[12:32:06] [Server thread/INFO]: Wheat Growth Modifier: 100%
[12:32:06] [Server thread/INFO]: NetherWart Growth Modifier: 100%
[12:32:06] [Server thread/INFO]: Vine Growth Modifier: 100%
[12:32:06] [Server thread/INFO]: Cocoa Growth Modifier: 100%
[12:32:06] [Server thread/INFO]: Entity Activation Range: An 32 / Mo 32 / Mi 16 / Tiv true
[12:32:06] [Server thread/INFO]: Entity Tracking Range: Pl 48 / An 48 / Mo 48 / Mi 32 / Other 64
[12:32:06] [Server thread/INFO]: Hopper Transfer: 8 Hopper Check: 1 Hopper Amount: 1
[12:32:06] [Server thread/INFO]: Random Lighting Updates: false
[12:32:06] [Server thread/INFO]: Structure Info Saving: true
[12:32:06] [Server thread/INFO]: Custom Map Seeds:  Village: 10387312 Feature: 14357617 Monument: 10387313 Slime: 987234911
[12:32:06] [Server thread/INFO]: Max TNT Explosions: 100
[12:32:06] [Server thread/INFO]: Tile Max Tick Time: 50ms Entity max Tick Time: 50ms
[12:32:06] [Server thread/INFO]: Item Despawn Rate: 6000
[12:32:06] [Server thread/INFO]: Item Merge Radius: 2.5
[12:32:06] [Server thread/INFO]: View Distance: 10
[12:32:06] [Server thread/INFO]: Arrow Despawn Rate: 1200
[12:32:06] [Server thread/INFO]: Allow Zombie Pigmen to spawn from portal blocks: true
[12:32:06] [Server thread/INFO]: Experience Merge Radius: 3.0
[12:32:06] [Server thread/INFO]: Zombie Aggressive Towards Villager: true
[12:32:06] [Server thread/INFO]: Nerfing mobs spawned from spawners: false
[12:32:06] [Server thread/INFO]: -------- World Settings For [world_the_end] --------
[12:32:06] [Server thread/INFO]: Mob Spawn Range: 4
[12:32:06] [Server thread/INFO]: Cactus Growth Modifier: 100%
[12:32:06] [Server thread/INFO]: Cane Growth Modifier: 100%
[12:32:06] [Server thread/INFO]: Melon Growth Modifier: 100%
[12:32:06] [Server thread/INFO]: Mushroom Growth Modifier: 100%
[12:32:06] [Server thread/INFO]: Pumpkin Growth Modifier: 100%
[12:32:06] [Server thread/INFO]: Sapling Growth Modifier: 100%
[12:32:06] [Server thread/INFO]: Wheat Growth Modifier: 100%
[12:32:06] [Server thread/INFO]: NetherWart Growth Modifier: 100%
[12:32:06] [Server thread/INFO]: Vine Growth Modifier: 100%
[12:32:06] [Server thread/INFO]: Cocoa Growth Modifier: 100%
[12:32:06] [Server thread/INFO]: Entity Activation Range: An 32 / Mo 32 / Mi 16 / Tiv true
[12:32:06] [Server thread/INFO]: Entity Tracking Range: Pl 48 / An 48 / Mo 48 / Mi 32 / Other 64
[12:32:06] [Server thread/INFO]: Hopper Transfer: 8 Hopper Check: 1 Hopper Amount: 1
[12:32:06] [Server thread/INFO]: Random Lighting Updates: false
[12:32:06] [Server thread/INFO]: Structure Info Saving: true
[12:32:06] [Server thread/INFO]: Custom Map Seeds:  Village: 10387312 Feature: 14357617 Monument: 10387313 Slime: 987234911
[12:32:06] [Server thread/INFO]: Max TNT Explosions: 100
[12:32:06] [Server thread/INFO]: Tile Max Tick Time: 50ms Entity max Tick Time: 50ms
[12:32:06] [Server thread/INFO]: Item Despawn Rate: 6000
[12:32:06] [Server thread/INFO]: Item Merge Radius: 2.5
[12:32:06] [Server thread/INFO]: View Distance: 10
[12:32:06] [Server thread/INFO]: Arrow Despawn Rate: 1200
[12:32:06] [Server thread/INFO]: Allow Zombie Pigmen to spawn from portal blocks: true
[12:32:06] [Server thread/INFO]: Experience Merge Radius: 3.0
[12:32:06] [Server thread/INFO]: Zombie Aggressive Towards Villager: true
[12:32:06] [Server thread/INFO]: Nerfing mobs spawned from spawners: false
[12:32:06] [Server thread/INFO]: Preparing start region for level 0 (Seed: -5307918746825668991)
[12:32:07] [Server thread/INFO]: Preparing spawn area: 22%
[12:32:07] [Server thread/INFO]: Preparing start region for level 1 (Seed: -5307918746825668991)
[12:32:07] [Server thread/INFO]: Preparing start region for level 2 (Seed: -5307918746825668991)
[12:32:07] [Server thread/INFO]: [ViaVersion] Enabling ViaVersion v4.9.3
[12:32:07] [Server thread/INFO]: [ViaBackwards] Enabling ViaBackwards v4.9.2
[12:32:08] [Server thread/INFO]: Done (2.881s)! For help, type "help" or "?"
[12:32:08] [Server thread/INFO]: Timings Reset
[12:32:08] [Server thread/INFO]: [ViaVersion] ViaVersion detected server version: 1.12.2 (340)
[12:32:08] [Server thread/WARN]: [ViaVersion] This version of Minecraft is extremely outdated and support for it has reached its end of life. You will still be able to run Via on this Minecraft version, but we are unlikely to provide any further fixes or help with problems specific to legacy Minecraft versions. Please consider updating to give your players a better experience and to avoid issues that have long been fixed.
[12:32:08] [Craft Scheduler Thread - 2/INFO]: [ViaVersion] Finished mapping loading, shutting down loader executor!
[12:32:08] [Server thread/WARN]: [ViaVersion] There is a newer plugin version available: 5.9.1, you're on: 4.9.3
