[11:16:25] [Server thread/INFO]: Starting minecraft server version 1.8.8
[11:16:25] [Server thread/WARN]: To start the server with more ram, launch it as "java -Xmx1024M -Xms1024M -jar minecraft_server.jar"
[11:16:25] [Server thread/INFO]: Loading properties
[11:16:25] [Server thread/INFO]: Default game type: SURVIVAL
[11:16:26] [Server thread/INFO]: This server is running CraftBukkit version git-PaperSpigot-445 (MC: 1.8.8) (Implementing API version 1.8.8-R0.1-SNAPSHOT)
[11:16:26] [Server thread/INFO]: Debug logging is disabled
[11:16:26] [Server thread/INFO]: Spigot Timings: true - Verbose: true - Interval: 5m - Length: 60m
[11:16:26] [Server thread/INFO]: Server Ping Player Sample Count: 12

[11:16:26] [Server thread/INFO]: Using 4 threads for Netty based IO
[11:16:26] [Server thread/INFO]: Data value allowed items: 
[11:16:26] [Server thread/WARN]: java.lang.NoSuchFieldException: modifiers

[11:16:26] [Server thread/WARN]: 	at java.base/java.lang.Class.getDeclaredField(Class.java:2782)

[11:16:26] [Server thread/WARN]: 	at org.github.paperspigot.PaperSpigotConfig.stackableBuckets(PaperSpigotConfig.java:192)

[11:16:26] [Server thread/WARN]: 	at java.base/jdk.internal.reflect.DirectMethodHandleAccessor.invoke(DirectMethodHandleAccessor.java:103)

[11:16:26] [Server thread/WARN]: 	at java.base/java.lang.reflect.Method.invoke(Method.java:580)

[11:16:26] [Server thread/WARN]: 	at org.github.paperspigot.PaperSpigotConfig.readConfig(PaperSpigotConfig.java:84)

[11:16:26] [Server thread/WARN]: 	at org.github.paperspigot.PaperSpigotConfig.init(PaperSpigotConfig.java:62)

[11:16:26] [Server thread/WARN]: 	at net.minecraft.server.v1_8_R3.DedicatedServer.init(DedicatedServer.java:181)

[11:16:26] [Server thread/WARN]: 	at net.minecraft.server.v1_8_R3.MinecraftServer.run(MinecraftServer.java:563)

[11:16:26] [Server thread/WARN]: 	at java.base/java.lang.Thread.run(Thread.java:1583)

[11:16:26] [Server thread/INFO]: Generating keypair
[11:16:26] [Server thread/INFO]: Starting Minecraft server on *:25565
[11:16:26] [Server thread/INFO]: Your platform does not provide complete low-level API for accessing direct buffers reliably. Unless explicitly requested, heap buffer will always be preferred to avoid potential system unstability.
[11:16:26] [Server thread/INFO]: Using epoll channel type
[11:16:26] [Server thread/WARN]: **** SERVER IS RUNNING IN OFFLINE/INSECURE MODE!
[11:16:26] [Server thread/WARN]: The server will make no attempt to authenticate usernames. Beware.
[11:16:26] [Server thread/WARN]: While this makes the game possible to play without internet access, it also opens up the ability for hackers to connect with any username they choose.
[11:16:26] [Server thread/WARN]: To change this, set "online-mode" to "true" in the server.properties file.
[11:16:26] [Server thread/INFO]: **** Beginning UUID conversion, this may take A LONG time ****
[11:16:26] [Server thread/INFO]: Preparing level "world"
[11:16:26] [Server thread/INFO]: -------- World Settings For [world] --------
[11:16:26] [Server thread/INFO]: Mob Spawn Range: 4
[11:16:26] [Server thread/INFO]: Anti X-Ray: true
[11:16:26] [Server thread/INFO]: 	Engine Mode: 1
[11:16:26] [Server thread/INFO]: 	Hidden Blocks: [14, 15, 16, 21, 48, 49, 54, 56, 73, 74, 82, 129, 130]
[11:16:26] [Server thread/INFO]: 	Replace Blocks: [1, 5]
[11:16:26] [Server thread/INFO]: Nerfing mobs spawned from spawners: false
[11:16:26] [Server thread/INFO]: Cactus Growth Modifier: 100%
[11:16:26] [Server thread/INFO]: Cane Growth Modifier: 100%
[11:16:26] [Server thread/INFO]: Melon Growth Modifier: 100%
[11:16:26] [Server thread/INFO]: Mushroom Growth Modifier: 100%
[11:16:26] [Server thread/INFO]: Pumpkin Growth Modifier: 100%
[11:16:26] [Server thread/INFO]: Sapling Growth Modifier: 100%
[11:16:26] [Server thread/INFO]: Wheat Growth Modifier: 100%
[11:16:26] [Server thread/INFO]: NetherWart Growth Modifier: 100%
[11:16:26] [Server thread/INFO]: Entity Activation Range: An 32 / Mo 32 / Mi 16
[11:16:26] [Server thread/INFO]: Entity Tracking Range: Pl 48 / An 48 / Mo 48 / Mi 32 / Other 64
[11:16:26] [Server thread/INFO]: Hopper Transfer: 8 Hopper Check: 8 Hopper Amount: 1
[11:16:26] [Server thread/INFO]: Random Lighting Updates: false
[11:16:26] [Server thread/INFO]: Structure Info Saving: true
[11:16:26] [Server thread/INFO]: Sending up to 10 chunks per packet
[11:16:26] [Server thread/INFO]: Max Entity Collisions: 8
[11:16:26] [Server thread/INFO]: Custom Map Seeds:  Village: 10387312 Feature: 14357617
[11:16:26] [Server thread/INFO]: Max TNT Explosions: 100
[11:16:26] [Server thread/INFO]: Tile Max Tick Time: 50ms Entity max Tick Time: 50ms
[11:16:26] [Server thread/INFO]: Item Despawn Rate: 6000
[11:16:26] [Server thread/INFO]: Item Merge Radius: 2.5
[11:16:26] [Server thread/INFO]: Arrow Despawn Rate: 1200
[11:16:26] [Server thread/INFO]: Allow Zombie Pigmen to spawn from portal blocks: true
[11:16:26] [Server thread/INFO]: View Distance: 10
[11:16:26] [Server thread/INFO]: Zombie Aggressive Towards Villager: true
[11:16:26] [Server thread/INFO]: Chunks to Grow per Tick: 650
[11:16:26] [Server thread/INFO]: Clear tick list: false
[11:16:26] [Server thread/INFO]: Experience Merge Radius: 3.0
[11:16:26] [Server thread/INFO]: -------- World Settings For [world] --------
[11:16:26] [Server thread/INFO]: Player blocking damage multiplier set to 0.5
[11:16:26] [Server thread/INFO]: Remove invalid mob spawner tile entities: true
[11:16:26] [Server thread/INFO]: Squids will spawn between Y: 45.0 and Y: 63.0
[11:16:26] [Server thread/INFO]: Max height for cactus growth 3. Max height for reed growth 3
[11:16:26] [Server thread/INFO]: Living Entity Despawn Ranges:  Soft: 32 Hard: 128
[11:16:26] [Server thread/INFO]: Water over lava flow speed: 5
[11:16:26] [Server thread/INFO]: Fix TNT cannons: false
[11:16:26] [Server thread/INFO]: Allow undead horse types to be leashed: false
[11:16:26] [Server thread/INFO]: Keep spawn chunk loaded: true
[11:16:26] [Server thread/INFO]: World async lighting: false
[11:16:26] [Server thread/INFO]: WorldServer TickNextTick cap set at 10000
[11:16:26] [Server thread/INFO]: WorldServer TickNextTickList cap always processes redstone: false
[11:16:26] [Server thread/INFO]: -------- World Settings For [world_nether] --------
[11:16:26] [Server thread/INFO]: Mob Spawn Range: 4
[11:16:26] [Server thread/INFO]: Anti X-Ray: true
[11:16:26] [Server thread/INFO]: 	Engine Mode: 1
[11:16:26] [Server thread/INFO]: 	Hidden Blocks: [14, 15, 16, 21, 48, 49, 54, 56, 73, 74, 82, 129, 130]
[11:16:26] [Server thread/INFO]: 	Replace Blocks: [1, 5]
[11:16:26] [Server thread/INFO]: Nerfing mobs spawned from spawners: false
[11:16:26] [Server thread/INFO]: Cactus Growth Modifier: 100%
[11:16:26] [Server thread/INFO]: Cane Growth Modifier: 100%
[11:16:26] [Server thread/INFO]: Melon Growth Modifier: 100%
[11:16:26] [Server thread/INFO]: Mushroom Growth Modifier: 100%
[11:16:26] [Server thread/INFO]: Pumpkin Growth Modifier: 100%
[11:16:26] [Server thread/INFO]: Sapling Growth Modifier: 100%
[11:16:26] [Server thread/INFO]: Wheat Growth Modifier: 100%
[11:16:26] [Server thread/INFO]: NetherWart Growth Modifier: 100%
[11:16:26] [Server thread/INFO]: Entity Activation Range: An 32 / Mo 32 / Mi 16
[11:16:26] [Server thread/INFO]: Entity Tracking Range: Pl 48 / An 48 / Mo 48 / Mi 32 / Other 64
[11:16:26] [Server thread/INFO]: Hopper Transfer: 8 Hopper Check: 8 Hopper Amount: 1
[11:16:26] [Server thread/INFO]: Random Lighting Updates: false
[11:16:26] [Server thread/INFO]: Structure Info Saving: true
[11:16:26] [Server thread/INFO]: Sending up to 10 chunks per packet
[11:16:26] [Server thread/INFO]: Max Entity Collisions: 8
[11:16:26] [Server thread/INFO]: Custom Map Seeds:  Village: 10387312 Feature: 14357617
[11:16:26] [Server thread/INFO]: Max TNT Explosions: 100
[11:16:26] [Server thread/INFO]: Tile Max Tick Time: 50ms Entity max Tick Time: 50ms
[11:16:26] [Server thread/INFO]: Item Despawn Rate: 6000
[11:16:26] [Server thread/INFO]: Item Merge Radius: 2.5
[11:16:26] [Server thread/INFO]: Arrow Despawn Rate: 1200
[11:16:26] [Server thread/INFO]: Allow Zombie Pigmen to spawn from portal blocks: true
[11:16:26] [Server thread/INFO]: View Distance: 10
[11:16:26] [Server thread/INFO]: Zombie Aggressive Towards Villager: true
[11:16:26] [Server thread/INFO]: Chunks to Grow per Tick: 650
[11:16:26] [Server thread/INFO]: Clear tick list: false
[11:16:26] [Server thread/INFO]: Experience Merge Radius: 3.0
[11:16:26] [Server thread/INFO]: -------- World Settings For [world_nether] --------
[11:16:26] [Server thread/INFO]: Player blocking damage multiplier set to 0.5
[11:16:26] [Server thread/INFO]: Remove invalid mob spawner tile entities: true
[11:16:26] [Server thread/INFO]: Squids will spawn between Y: 45.0 and Y: 63.0
[11:16:26] [Server thread/INFO]: Max height for cactus growth 3. Max height for reed growth 3
[11:16:26] [Server thread/INFO]: Living Entity Despawn Ranges:  Soft: 32 Hard: 128
[11:16:26] [Server thread/INFO]: Water over lava flow speed: 5
[11:16:26] [Server thread/INFO]: Fix TNT cannons: false
[11:16:26] [Server thread/INFO]: Allow undead horse types to be leashed: false
[11:16:26] [Server thread/INFO]: Keep spawn chunk loaded: true
[11:16:26] [Server thread/INFO]: World async lighting: false
[11:16:26] [Server thread/INFO]: WorldServer TickNextTick cap set at 10000
[11:16:26] [Server thread/INFO]: WorldServer TickNextTickList cap always processes redstone: false
[11:16:26] [Server thread/INFO]: -------- World Settings For [world_the_end] --------
[11:16:26] [Server thread/INFO]: Mob Spawn Range: 4
[11:16:26] [Server thread/INFO]: Anti X-Ray: true
[11:16:26] [Server thread/INFO]: 	Engine Mode: 1
[11:16:26] [Server thread/INFO]: 	Hidden Blocks: [14, 15, 16, 21, 48, 49, 54, 56, 73, 74, 82, 129, 130]
[11:16:26] [Server thread/INFO]: 	Replace Blocks: [1, 5]
[11:16:26] [Server thread/INFO]: Nerfing mobs spawned from spawners: false
[11:16:26] [Server thread/INFO]: Cactus Growth Modifier: 100%
[11:16:26] [Server thread/INFO]: Cane Growth Modifier: 100%
[11:16:26] [Server thread/INFO]: Melon Growth Modifier: 100%
[11:16:26] [Server thread/INFO]: Mushroom Growth Modifier: 100%
[11:16:26] [Server thread/INFO]: Pumpkin Growth Modifier: 100%
[11:16:26] [Server thread/INFO]: Sapling Growth Modifier: 100%
[11:16:26] [Server thread/INFO]: Wheat Growth Modifier: 100%
[11:16:26] [Server thread/INFO]: NetherWart Growth Modifier: 100%
[11:16:26] [Server thread/INFO]: Entity Activation Range: An 32 / Mo 32 / Mi 16
[11:16:26] [Server thread/INFO]: Entity Tracking Range: Pl 48 / An 48 / Mo 48 / Mi 32 / Other 64
[11:16:26] [Server thread/INFO]: Hopper Transfer: 8 Hopper Check: 8 Hopper Amount: 1
[11:16:26] [Server thread/INFO]: Random Lighting Updates: false
[11:16:26] [Server thread/INFO]: Structure Info Saving: true
[11:16:26] [Server thread/INFO]: Sending up to 10 chunks per packet
[11:16:26] [Server thread/INFO]: Max Entity Collisions: 8
[11:16:26] [Server thread/INFO]: Custom Map Seeds:  Village: 10387312 Feature: 14357617
[11:16:26] [Server thread/INFO]: Max TNT Explosions: 100
[11:16:26] [Server thread/INFO]: Tile Max Tick Time: 50ms Entity max Tick Time: 50ms
[11:16:26] [Server thread/INFO]: Item Despawn Rate: 6000
[11:16:26] [Server thread/INFO]: Item Merge Radius: 2.5
[11:16:26] [Server thread/INFO]: Arrow Despawn Rate: 1200
[11:16:26] [Server thread/INFO]: Allow Zombie Pigmen to spawn from portal blocks: true
[11:16:26] [Server thread/INFO]: View Distance: 10
[11:16:26] [Server thread/INFO]: Zombie Aggressive Towards Villager: true
[11:16:26] [Server thread/INFO]: Chunks to Grow per Tick: 650
[11:16:26] [Server thread/INFO]: Clear tick list: false
[11:16:26] [Server thread/INFO]: Experience Merge Radius: 3.0
[11:16:26] [Server thread/INFO]: -------- World Settings For [world_the_end] --------
[11:16:26] [Server thread/INFO]: Player blocking damage multiplier set to 0.5
[11:16:26] [Server thread/INFO]: Remove invalid mob spawner tile entities: true
[11:16:26] [Server thread/INFO]: Squids will spawn between Y: 45.0 and Y: 63.0
[11:16:26] [Server thread/INFO]: Max height for cactus growth 3. Max height for reed growth 3
[11:16:26] [Server thread/INFO]: Living Entity Despawn Ranges:  Soft: 32 Hard: 128
[11:16:26] [Server thread/INFO]: Water over lava flow speed: 5
[11:16:26] [Server thread/INFO]: Fix TNT cannons: false
[11:16:26] [Server thread/INFO]: Allow undead horse types to be leashed: false
[11:16:26] [Server thread/INFO]: Keep spawn chunk loaded: true
[11:16:26] [Server thread/INFO]: World async lighting: false
[11:16:26] [Server thread/INFO]: WorldServer TickNextTick cap set at 10000
[11:16:26] [Server thread/INFO]: WorldServer TickNextTickList cap always processes redstone: false
[11:16:26] [Server thread/INFO]: Preparing start region for level 0 (Seed: 4409328393935248096)
[11:16:27] [Server thread/INFO]: Preparing spawn area: 43%
[11:16:28] [Server thread/INFO]: Preparing start region for level 1 (Seed: 4409328393935248096)
[11:16:29] [Server thread/INFO]: Preparing start region for level 2 (Seed: 4409328393935248096)
[11:16:29] [Server thread/INFO]: Server permissions file permissions.yml is empty, ignoring it
[11:16:29] [Server thread/INFO]: Done (3.251s)! For help, type "help" or "?"
[11:16:29] [Server thread/INFO]: Timings Reset
[11:33:10] [Thread-2/INFO]: Stopping server
